[2014-08-13 11:16:02.789] [DEBUG] request-processor - auth
[2014-08-13 11:16:02.794] [DEBUG] user-service - auth
[2014-08-13 11:16:02.995] [INFO] connection - DB Connection Created.
[2014-08-13 11:16:11.931] [DEBUG] request-processor - auth
[2014-08-13 11:16:11.931] [DEBUG] user-service - auth
[2014-08-13 11:16:19.798] [DEBUG] request-processor - auth
[2014-08-13 11:16:19.799] [DEBUG] user-service - auth
[2014-08-13 11:16:33.460] [DEBUG] request-processor - auth
[2014-08-13 11:16:33.461] [DEBUG] user-service - auth
[2014-08-13 11:16:49.390] [DEBUG] request-processor - auth
[2014-08-13 11:16:49.391] [DEBUG] user-service - auth
[2014-08-13 11:16:54.987] [DEBUG] request-processor - getRoles
[2014-08-13 11:16:54.987] [DEBUG] role-service - getRoles
[2014-08-13 11:16:54.989] [DEBUG] request-processor - getTeams
[2014-08-13 11:16:54.989] [DEBUG] team-service - getTeams
[2014-08-13 11:17:54.629] [DEBUG] request-processor - saveUser
[2014-08-13 11:17:54.630] [DEBUG] user-service - saveUser
[2014-08-13 11:18:51.316] [DEBUG] request-processor - auth
[2014-08-13 11:18:51.317] [DEBUG] user-service - auth
[2014-08-13 11:18:51.320] [DEBUG] request-processor - getRoleByUserName
[2014-08-13 11:18:51.320] [DEBUG] role-service - getRoleByUserName
[2014-08-13 11:18:51.323] [DEBUG] request-processor - getTeamByUserName
[2014-08-13 11:18:51.324] [DEBUG] team-service - getTeam
[2014-08-13 11:18:51.725] [DEBUG] request-processor - getTeamUsers
[2014-08-13 11:18:51.726] [DEBUG] user-service - getTeamUsers
[2014-08-13 11:18:51.729] [DEBUG] request-processor - getNonTeamUsers
[2014-08-13 11:18:51.729] [DEBUG] user-service - getNonTeamUsers
[2014-08-13 11:18:51.732] [DEBUG] request-processor - getProjects
[2014-08-13 11:18:51.732] [DEBUG] project-service - getProjects
[2014-08-13 11:18:51.735] [DEBUG] request-processor - getRoles
[2014-08-13 11:18:51.735] [DEBUG] role-service - getRoles
[2014-08-13 11:18:51.736] [DEBUG] request-processor - getTeams
[2014-08-13 11:18:51.736] [DEBUG] team-service - getTeams
[2014-08-13 11:18:51.737] [DEBUG] request-processor - getLeads
[2014-08-13 11:18:51.737] [DEBUG] user-service - getLeads
[2014-08-13 11:18:51.738] [DEBUG] request-processor - getUser
[2014-08-13 11:18:51.738] [DEBUG] user-service - getUser
[2014-08-13 11:18:51.739] [DEBUG] request-processor - getMyProjects
[2014-08-13 11:18:51.739] [DEBUG] project-service - getMyProjects
[2014-08-13 11:24:53.879] [DEBUG] request-processor - getTeamUsers
[2014-08-13 11:24:53.879] [DEBUG] user-service - getTeamUsers
[2014-08-13 11:24:53.880] [DEBUG] request-processor - getNonTeamUsers
[2014-08-13 11:24:53.880] [DEBUG] user-service - getNonTeamUsers
[2014-08-13 11:24:53.896] [DEBUG] request-processor - getProjects
[2014-08-13 11:24:53.896] [DEBUG] project-service - getProjects
[2014-08-13 11:24:53.899] [DEBUG] request-processor - getRoles
[2014-08-13 11:24:53.899] [DEBUG] role-service - getRoles
[2014-08-13 11:24:53.900] [DEBUG] request-processor - getTeams
[2014-08-13 11:24:53.900] [DEBUG] team-service - getTeams
[2014-08-13 11:24:53.905] [DEBUG] request-processor - getMyProjects
[2014-08-13 11:24:53.905] [DEBUG] project-service - getMyProjects
[2014-08-13 11:24:53.906] [DEBUG] request-processor - getUser
[2014-08-13 11:24:53.906] [DEBUG] user-service - getUser
[2014-08-13 11:24:53.910] [DEBUG] request-processor - getLeads
[2014-08-13 11:24:53.910] [DEBUG] user-service - getLeads
[2014-08-13 11:25:30.472] [DEBUG] request-processor - getTeamUsers
[2014-08-13 11:25:30.472] [DEBUG] user-service - getTeamUsers
[2014-08-13 11:25:30.473] [DEBUG] request-processor - getNonTeamUsers
[2014-08-13 11:25:30.476] [DEBUG] user-service - getNonTeamUsers
[2014-08-13 11:25:30.477] [DEBUG] request-processor - getProjects
[2014-08-13 11:25:30.477] [DEBUG] project-service - getProjects
[2014-08-13 11:25:30.477] [DEBUG] request-processor - getRoles
[2014-08-13 11:25:30.477] [DEBUG] role-service - getRoles
[2014-08-13 11:25:30.478] [DEBUG] request-processor - getTeams
[2014-08-13 11:25:30.478] [DEBUG] team-service - getTeams
[2014-08-13 11:25:30.478] [DEBUG] request-processor - getLeads
[2014-08-13 11:25:30.479] [DEBUG] user-service - getLeads
[2014-08-13 11:25:30.487] [DEBUG] request-processor - getMyProjects
[2014-08-13 11:25:30.487] [DEBUG] project-service - getMyProjects
[2014-08-13 11:25:30.489] [DEBUG] request-processor - getUser
[2014-08-13 11:25:30.489] [DEBUG] user-service - getUser
[2014-08-13 11:26:10.413] [DEBUG] request-processor - getTeamUsers
[2014-08-13 11:26:10.414] [DEBUG] user-service - getTeamUsers
[2014-08-13 11:26:10.416] [DEBUG] request-processor - getNonTeamUsers
[2014-08-13 11:26:10.416] [DEBUG] user-service - getNonTeamUsers
[2014-08-13 11:26:10.418] [DEBUG] request-processor - getProjects
[2014-08-13 11:26:10.419] [DEBUG] project-service - getProjects
[2014-08-13 11:26:10.422] [DEBUG] request-processor - getRoles
[2014-08-13 11:26:10.422] [DEBUG] role-service - getRoles
[2014-08-13 11:26:10.424] [DEBUG] request-processor - getTeams
[2014-08-13 11:26:10.424] [DEBUG] team-service - getTeams
[2014-08-13 11:26:10.426] [DEBUG] request-processor - getLeads
[2014-08-13 11:26:10.426] [DEBUG] user-service - getLeads
[2014-08-13 11:26:10.428] [DEBUG] request-processor - getMyProjects
[2014-08-13 11:26:10.428] [DEBUG] project-service - getMyProjects
[2014-08-13 11:26:10.435] [DEBUG] request-processor - getUser
[2014-08-13 11:26:10.435] [DEBUG] user-service - getUser
[2014-08-13 11:27:28.086] [DEBUG] request-processor - getTeamUsers
[2014-08-13 11:27:28.087] [DEBUG] user-service - getTeamUsers
[2014-08-13 11:27:28.091] [DEBUG] request-processor - getNonTeamUsers
[2014-08-13 11:27:28.091] [DEBUG] user-service - getNonTeamUsers
[2014-08-13 11:27:28.093] [DEBUG] request-processor - getProjects
[2014-08-13 11:27:28.094] [DEBUG] project-service - getProjects
[2014-08-13 11:27:28.095] [DEBUG] request-processor - getRoles
[2014-08-13 11:27:28.095] [DEBUG] role-service - getRoles
[2014-08-13 11:27:28.098] [DEBUG] request-processor - getLeads
[2014-08-13 11:27:28.098] [DEBUG] user-service - getLeads
[2014-08-13 11:27:28.098] [DEBUG] request-processor - getTeams
[2014-08-13 11:27:28.098] [DEBUG] team-service - getTeams
[2014-08-13 11:27:28.099] [DEBUG] request-processor - getMyProjects
[2014-08-13 11:27:28.099] [DEBUG] project-service - getMyProjects
[2014-08-13 11:27:28.099] [DEBUG] request-processor - getUser
[2014-08-13 11:27:28.099] [DEBUG] user-service - getUser
[2014-08-13 11:28:18.097] [DEBUG] request-processor - getTeamUsers
[2014-08-13 11:28:18.097] [DEBUG] user-service - getTeamUsers
[2014-08-13 11:28:18.098] [DEBUG] request-processor - getNonTeamUsers
[2014-08-13 11:28:18.099] [DEBUG] user-service - getNonTeamUsers
[2014-08-13 11:28:18.099] [DEBUG] request-processor - getProjects
[2014-08-13 11:28:18.099] [DEBUG] project-service - getProjects
[2014-08-13 11:28:18.100] [DEBUG] request-processor - getRoles
[2014-08-13 11:28:18.100] [DEBUG] role-service - getRoles
[2014-08-13 11:28:18.104] [DEBUG] request-processor - getTeams
[2014-08-13 11:28:18.104] [DEBUG] team-service - getTeams
[2014-08-13 11:28:18.105] [DEBUG] request-processor - getLeads
[2014-08-13 11:28:18.105] [DEBUG] user-service - getLeads
[2014-08-13 11:28:18.109] [DEBUG] request-processor - getMyProjects
[2014-08-13 11:28:18.109] [DEBUG] project-service - getMyProjects
[2014-08-13 11:28:18.109] [DEBUG] request-processor - getUser
[2014-08-13 11:28:18.110] [DEBUG] user-service - getUser
[2014-08-13 11:28:49.398] [DEBUG] request-processor - getTeamUsers
[2014-08-13 11:28:49.398] [DEBUG] user-service - getTeamUsers
[2014-08-13 11:28:49.403] [DEBUG] request-processor - getNonTeamUsers
[2014-08-13 11:28:49.403] [DEBUG] user-service - getNonTeamUsers
[2014-08-13 11:28:49.407] [DEBUG] request-processor - getProjects
[2014-08-13 11:28:49.407] [DEBUG] project-service - getProjects
[2014-08-13 11:28:49.407] [DEBUG] request-processor - getRoles
[2014-08-13 11:28:49.408] [DEBUG] role-service - getRoles
[2014-08-13 11:28:49.408] [DEBUG] request-processor - getTeams
[2014-08-13 11:28:49.408] [DEBUG] team-service - getTeams
[2014-08-13 11:28:49.409] [DEBUG] request-processor - getLeads
[2014-08-13 11:28:49.409] [DEBUG] user-service - getLeads
[2014-08-13 11:28:49.410] [DEBUG] request-processor - getMyProjects
[2014-08-13 11:28:49.440] [DEBUG] project-service - getMyProjects
[2014-08-13 11:28:49.458] [DEBUG] request-processor - getUser
[2014-08-13 11:28:49.458] [DEBUG] user-service - getUser
[2014-08-13 11:29:34.042] [DEBUG] request-processor - getTeamUsers
[2014-08-13 11:29:34.043] [DEBUG] user-service - getTeamUsers
[2014-08-13 11:29:34.045] [DEBUG] request-processor - getNonTeamUsers
[2014-08-13 11:29:34.045] [DEBUG] user-service - getNonTeamUsers
[2014-08-13 11:29:34.048] [DEBUG] request-processor - getProjects
[2014-08-13 11:29:34.048] [DEBUG] project-service - getProjects
[2014-08-13 11:29:34.051] [DEBUG] request-processor - getRoles
[2014-08-13 11:29:34.051] [DEBUG] role-service - getRoles
[2014-08-13 11:29:34.051] [DEBUG] request-processor - getTeams
[2014-08-13 11:29:34.052] [DEBUG] team-service - getTeams
[2014-08-13 11:29:34.053] [DEBUG] request-processor - getLeads
[2014-08-13 11:29:34.053] [DEBUG] user-service - getLeads
[2014-08-13 11:29:34.057] [DEBUG] request-processor - getMyProjects
[2014-08-13 11:29:34.057] [DEBUG] project-service - getMyProjects
[2014-08-13 11:29:34.057] [DEBUG] request-processor - getUser
[2014-08-13 11:29:34.057] [DEBUG] user-service - getUser
[2014-08-13 11:29:55.928] [DEBUG] request-processor - getTeamUsers
[2014-08-13 11:29:55.928] [DEBUG] user-service - getTeamUsers
[2014-08-13 11:29:55.931] [DEBUG] request-processor - getNonTeamUsers
[2014-08-13 11:29:55.931] [DEBUG] user-service - getNonTeamUsers
[2014-08-13 11:29:55.933] [DEBUG] request-processor - getRoles
[2014-08-13 11:29:55.933] [DEBUG] role-service - getRoles
[2014-08-13 11:29:55.934] [DEBUG] request-processor - getProjects
[2014-08-13 11:29:55.934] [DEBUG] project-service - getProjects
[2014-08-13 11:29:55.935] [DEBUG] request-processor - getTeams
[2014-08-13 11:29:55.935] [DEBUG] team-service - getTeams
[2014-08-13 11:29:55.936] [DEBUG] request-processor - getLeads
[2014-08-13 11:29:55.936] [DEBUG] user-service - getLeads
[2014-08-13 11:29:55.940] [DEBUG] request-processor - getMyProjects
[2014-08-13 11:29:55.940] [DEBUG] project-service - getMyProjects
[2014-08-13 11:29:55.954] [DEBUG] request-processor - getUser
[2014-08-13 11:29:55.954] [DEBUG] user-service - getUser
[2014-08-13 11:31:54.516] [DEBUG] request-processor - getTeamUsers
[2014-08-13 11:31:54.517] [DEBUG] user-service - getTeamUsers
[2014-08-13 11:31:54.518] [DEBUG] request-processor - getNonTeamUsers
[2014-08-13 11:31:54.518] [DEBUG] user-service - getNonTeamUsers
[2014-08-13 11:31:54.521] [DEBUG] request-processor - getProjects
[2014-08-13 11:31:54.522] [DEBUG] project-service - getProjects
[2014-08-13 11:31:54.522] [DEBUG] request-processor - getRoles
[2014-08-13 11:31:54.523] [DEBUG] role-service - getRoles
[2014-08-13 11:31:54.523] [DEBUG] request-processor - getTeams
[2014-08-13 11:31:54.523] [DEBUG] team-service - getTeams
[2014-08-13 11:31:54.524] [DEBUG] request-processor - getLeads
[2014-08-13 11:31:54.524] [DEBUG] user-service - getLeads
[2014-08-13 11:31:54.528] [DEBUG] request-processor - getMyProjects
[2014-08-13 11:31:54.529] [DEBUG] project-service - getMyProjects
[2014-08-13 11:31:54.532] [DEBUG] request-processor - getUser
[2014-08-13 11:31:54.532] [DEBUG] user-service - getUser
[2014-08-13 11:32:14.092] [DEBUG] request-processor - getTeamUsers
[2014-08-13 11:32:14.093] [DEBUG] user-service - getTeamUsers
[2014-08-13 11:32:14.096] [DEBUG] request-processor - getProjects
[2014-08-13 11:32:14.096] [DEBUG] project-service - getProjects
[2014-08-13 11:32:14.099] [DEBUG] request-processor - getNonTeamUsers
[2014-08-13 11:32:14.099] [DEBUG] user-service - getNonTeamUsers
[2014-08-13 11:32:14.099] [DEBUG] request-processor - getRoles
[2014-08-13 11:32:14.100] [DEBUG] role-service - getRoles
[2014-08-13 11:32:14.100] [DEBUG] request-processor - getTeams
[2014-08-13 11:32:14.100] [DEBUG] team-service - getTeams
[2014-08-13 11:32:14.103] [DEBUG] request-processor - getLeads
[2014-08-13 11:32:14.103] [DEBUG] user-service - getLeads
[2014-08-13 11:32:14.106] [DEBUG] request-processor - getMyProjects
[2014-08-13 11:32:14.107] [DEBUG] project-service - getMyProjects
[2014-08-13 11:32:14.111] [DEBUG] request-processor - getUser
[2014-08-13 11:32:14.111] [DEBUG] user-service - getUser
[2014-08-13 11:33:08.450] [DEBUG] request-processor - getTeamUsers
[2014-08-13 11:33:08.451] [DEBUG] user-service - getTeamUsers
[2014-08-13 11:33:08.452] [DEBUG] request-processor - getNonTeamUsers
[2014-08-13 11:33:08.452] [DEBUG] user-service - getNonTeamUsers
[2014-08-13 11:33:08.454] [DEBUG] request-processor - getProjects
[2014-08-13 11:33:08.454] [DEBUG] project-service - getProjects
[2014-08-13 11:33:08.456] [DEBUG] request-processor - getRoles
[2014-08-13 11:33:08.456] [DEBUG] role-service - getRoles
[2014-08-13 11:33:08.457] [DEBUG] request-processor - getLeads
[2014-08-13 11:33:08.457] [DEBUG] user-service - getLeads
[2014-08-13 11:33:08.458] [DEBUG] request-processor - getTeams
[2014-08-13 11:33:08.458] [DEBUG] team-service - getTeams
[2014-08-13 11:33:08.463] [DEBUG] request-processor - getMyProjects
[2014-08-13 11:33:08.463] [DEBUG] project-service - getMyProjects
[2014-08-13 11:33:08.463] [DEBUG] request-processor - getUser
[2014-08-13 11:33:08.463] [DEBUG] user-service - getUser
[2014-08-13 11:34:37.536] [DEBUG] request-processor - auth
[2014-08-13 11:34:37.536] [DEBUG] user-service - auth
[2014-08-13 11:34:37.539] [DEBUG] request-processor - getRoleByUserName
[2014-08-13 11:34:37.539] [DEBUG] role-service - getRoleByUserName
[2014-08-13 11:34:37.541] [DEBUG] request-processor - getTeamByUserName
[2014-08-13 11:34:37.541] [DEBUG] team-service - getTeam
[2014-08-13 11:34:37.826] [DEBUG] request-processor - getTeamUsers
[2014-08-13 11:34:37.826] [DEBUG] user-service - getTeamUsers
[2014-08-13 11:34:37.827] [DEBUG] request-processor - getNonTeamUsers
[2014-08-13 11:34:37.827] [DEBUG] user-service - getNonTeamUsers
[2014-08-13 11:34:37.831] [DEBUG] request-processor - getProjects
[2014-08-13 11:34:37.831] [DEBUG] project-service - getProjects
[2014-08-13 11:34:37.832] [DEBUG] request-processor - getRoles
[2014-08-13 11:34:37.832] [DEBUG] role-service - getRoles
[2014-08-13 11:34:37.832] [DEBUG] request-processor - getTeams
[2014-08-13 11:34:37.832] [DEBUG] team-service - getTeams
[2014-08-13 11:34:37.833] [DEBUG] request-processor - getLeads
[2014-08-13 11:34:37.834] [DEBUG] user-service - getLeads
[2014-08-13 11:34:37.837] [DEBUG] request-processor - getMyProjects
[2014-08-13 11:34:37.837] [DEBUG] project-service - getMyProjects
[2014-08-13 11:34:37.841] [DEBUG] request-processor - getUser
[2014-08-13 11:34:37.841] [DEBUG] user-service - getUser
[2014-08-13 11:35:16.724] [DEBUG] request-processor - getTeamUsers
[2014-08-13 11:35:16.724] [DEBUG] user-service - getTeamUsers
[2014-08-13 11:35:16.724] [DEBUG] request-processor - getNonTeamUsers
[2014-08-13 11:35:16.725] [DEBUG] user-service - getNonTeamUsers
[2014-08-13 11:35:16.725] [DEBUG] request-processor - getProjects
[2014-08-13 11:35:16.725] [DEBUG] project-service - getProjects
[2014-08-13 11:35:16.725] [DEBUG] request-processor - getRoles
[2014-08-13 11:35:16.725] [DEBUG] role-service - getRoles
[2014-08-13 11:35:16.726] [DEBUG] request-processor - getTeams
[2014-08-13 11:35:16.726] [DEBUG] team-service - getTeams
[2014-08-13 11:35:16.726] [DEBUG] request-processor - getLeads
[2014-08-13 11:35:16.726] [DEBUG] user-service - getLeads
[2014-08-13 11:35:16.735] [DEBUG] request-processor - getMyProjects
[2014-08-13 11:35:16.736] [DEBUG] project-service - getMyProjects
[2014-08-13 11:35:16.741] [DEBUG] request-processor - getUser
[2014-08-13 11:35:16.741] [DEBUG] user-service - getUser
[2014-08-13 11:35:53.891] [DEBUG] request-processor - getTeamUsers
[2014-08-13 11:35:53.892] [DEBUG] user-service - getTeamUsers
[2014-08-13 11:35:53.896] [DEBUG] request-processor - getNonTeamUsers
[2014-08-13 11:35:53.896] [DEBUG] user-service - getNonTeamUsers
[2014-08-13 11:35:53.897] [DEBUG] request-processor - getProjects
[2014-08-13 11:35:53.897] [DEBUG] project-service - getProjects
[2014-08-13 11:35:53.899] [DEBUG] request-processor - getRoles
[2014-08-13 11:35:53.899] [DEBUG] role-service - getRoles
[2014-08-13 11:35:53.900] [DEBUG] request-processor - getTeams
[2014-08-13 11:35:53.900] [DEBUG] team-service - getTeams
[2014-08-13 11:35:53.900] [DEBUG] request-processor - getLeads
[2014-08-13 11:35:53.900] [DEBUG] user-service - getLeads
[2014-08-13 11:35:53.903] [DEBUG] request-processor - getMyProjects
[2014-08-13 11:35:53.903] [DEBUG] project-service - getMyProjects
[2014-08-13 11:35:53.904] [DEBUG] request-processor - getUser
[2014-08-13 11:35:53.904] [DEBUG] user-service - getUser
[2014-08-13 11:36:19.952] [DEBUG] request-processor - getTeamUsers
[2014-08-13 11:36:19.952] [DEBUG] user-service - getTeamUsers
[2014-08-13 11:36:19.953] [DEBUG] request-processor - getNonTeamUsers
[2014-08-13 11:36:19.953] [DEBUG] user-service - getNonTeamUsers
[2014-08-13 11:36:19.954] [DEBUG] request-processor - getProjects
[2014-08-13 11:36:19.954] [DEBUG] project-service - getProjects
[2014-08-13 11:36:19.957] [DEBUG] request-processor - getRoles
[2014-08-13 11:36:19.957] [DEBUG] role-service - getRoles
[2014-08-13 11:36:19.957] [DEBUG] request-processor - getTeams
[2014-08-13 11:36:19.957] [DEBUG] team-service - getTeams
[2014-08-13 11:36:19.958] [DEBUG] request-processor - getLeads
[2014-08-13 11:36:19.958] [DEBUG] user-service - getLeads
[2014-08-13 11:36:19.961] [DEBUG] request-processor - getMyProjects
[2014-08-13 11:36:19.961] [DEBUG] project-service - getMyProjects
[2014-08-13 11:36:19.963] [DEBUG] request-processor - getUser
[2014-08-13 11:36:19.963] [DEBUG] user-service - getUser
[2014-08-13 11:38:43.513] [DEBUG] request-processor - getTeamUsers
[2014-08-13 11:38:43.513] [DEBUG] user-service - getTeamUsers
[2014-08-13 11:38:43.514] [DEBUG] request-processor - getNonTeamUsers
[2014-08-13 11:38:43.514] [DEBUG] user-service - getNonTeamUsers
[2014-08-13 11:38:43.514] [DEBUG] request-processor - getProjects
[2014-08-13 11:38:43.514] [DEBUG] project-service - getProjects
[2014-08-13 11:38:43.515] [DEBUG] request-processor - getRoles
[2014-08-13 11:38:43.515] [DEBUG] role-service - getRoles
[2014-08-13 11:38:43.515] [DEBUG] request-processor - getTeams
[2014-08-13 11:38:43.515] [DEBUG] team-service - getTeams
[2014-08-13 11:38:43.515] [DEBUG] request-processor - getLeads
[2014-08-13 11:38:43.515] [DEBUG] user-service - getLeads
[2014-08-13 11:38:43.525] [DEBUG] request-processor - getMyProjects
[2014-08-13 11:38:43.525] [DEBUG] project-service - getMyProjects
[2014-08-13 11:38:43.526] [DEBUG] request-processor - getUser
[2014-08-13 11:38:43.526] [DEBUG] user-service - getUser
[2014-08-13 11:40:05.236] [DEBUG] request-processor - getTeamUsers
[2014-08-13 11:40:05.236] [DEBUG] user-service - getTeamUsers
[2014-08-13 11:40:05.239] [DEBUG] request-processor - getNonTeamUsers
[2014-08-13 11:40:05.239] [DEBUG] user-service - getNonTeamUsers
[2014-08-13 11:40:05.241] [DEBUG] request-processor - getProjects
[2014-08-13 11:40:05.241] [DEBUG] project-service - getProjects
[2014-08-13 11:40:05.242] [DEBUG] request-processor - getRoles
[2014-08-13 11:40:05.242] [DEBUG] role-service - getRoles
[2014-08-13 11:40:05.247] [DEBUG] request-processor - getTeams
[2014-08-13 11:40:05.247] [DEBUG] team-service - getTeams
[2014-08-13 11:40:05.248] [DEBUG] request-processor - getLeads
[2014-08-13 11:40:05.248] [DEBUG] user-service - getLeads
[2014-08-13 11:40:05.249] [DEBUG] request-processor - getMyProjects
[2014-08-13 11:40:05.249] [DEBUG] project-service - getMyProjects
[2014-08-13 11:40:05.250] [DEBUG] request-processor - getUser
[2014-08-13 11:40:05.250] [DEBUG] user-service - getUser
[2014-08-13 11:40:14.387] [DEBUG] request-processor - getUserLogs
[2014-08-13 11:40:14.388] [DEBUG] log-service - getLogsByUserId
[2014-08-13 11:41:10.715] [DEBUG] request-processor - getTeamUsers
[2014-08-13 11:41:10.715] [DEBUG] user-service - getTeamUsers
[2014-08-13 11:41:10.716] [DEBUG] request-processor - getNonTeamUsers
[2014-08-13 11:41:10.716] [DEBUG] user-service - getNonTeamUsers
[2014-08-13 11:41:10.722] [DEBUG] request-processor - getProjects
[2014-08-13 11:41:10.722] [DEBUG] project-service - getProjects
[2014-08-13 11:41:10.723] [DEBUG] request-processor - getRoles
[2014-08-13 11:41:10.723] [DEBUG] role-service - getRoles
[2014-08-13 11:41:10.726] [DEBUG] request-processor - getTeams
[2014-08-13 11:41:10.726] [DEBUG] team-service - getTeams
[2014-08-13 11:41:10.728] [DEBUG] request-processor - getLeads
[2014-08-13 11:41:10.728] [DEBUG] user-service - getLeads
[2014-08-13 11:41:10.732] [DEBUG] request-processor - getMyProjects
[2014-08-13 11:41:10.733] [DEBUG] project-service - getMyProjects
[2014-08-13 11:41:10.733] [DEBUG] request-processor - getUser
[2014-08-13 11:41:10.733] [DEBUG] user-service - getUser
[2014-08-13 11:42:32.077] [DEBUG] request-processor - getTeamUsers
[2014-08-13 11:42:32.077] [DEBUG] user-service - getTeamUsers
[2014-08-13 11:42:32.082] [DEBUG] request-processor - getNonTeamUsers
[2014-08-13 11:42:32.082] [DEBUG] user-service - getNonTeamUsers
[2014-08-13 11:42:32.083] [DEBUG] request-processor - getProjects
[2014-08-13 11:42:32.083] [DEBUG] project-service - getProjects
[2014-08-13 11:42:32.085] [DEBUG] request-processor - getRoles
[2014-08-13 11:42:32.085] [DEBUG] role-service - getRoles
[2014-08-13 11:42:32.086] [DEBUG] request-processor - getTeams
[2014-08-13 11:42:32.086] [DEBUG] team-service - getTeams
[2014-08-13 11:42:32.087] [DEBUG] request-processor - getLeads
[2014-08-13 11:42:32.087] [DEBUG] user-service - getLeads
[2014-08-13 11:42:32.088] [DEBUG] request-processor - getMyProjects
[2014-08-13 11:42:32.088] [DEBUG] project-service - getMyProjects
[2014-08-13 11:42:32.094] [DEBUG] request-processor - getUser
[2014-08-13 11:42:32.094] [DEBUG] user-service - getUser
[2014-08-13 11:43:16.469] [DEBUG] request-processor - getTeamUsers
[2014-08-13 11:43:16.469] [DEBUG] user-service - getTeamUsers
[2014-08-13 11:43:16.473] [DEBUG] request-processor - getNonTeamUsers
[2014-08-13 11:43:16.473] [DEBUG] user-service - getNonTeamUsers
[2014-08-13 11:43:16.476] [DEBUG] request-processor - getProjects
[2014-08-13 11:43:16.476] [DEBUG] project-service - getProjects
[2014-08-13 11:43:16.477] [DEBUG] request-processor - getRoles
[2014-08-13 11:43:16.477] [DEBUG] role-service - getRoles
[2014-08-13 11:43:16.479] [DEBUG] request-processor - getTeams
[2014-08-13 11:43:16.479] [DEBUG] team-service - getTeams
[2014-08-13 11:43:16.480] [DEBUG] request-processor - getLeads
[2014-08-13 11:43:16.480] [DEBUG] user-service - getLeads
[2014-08-13 11:43:16.481] [DEBUG] request-processor - getMyProjects
[2014-08-13 11:43:16.481] [DEBUG] project-service - getMyProjects
[2014-08-13 11:43:16.484] [DEBUG] request-processor - getUser
[2014-08-13 11:43:16.484] [DEBUG] user-service - getUser
[2014-08-13 11:43:23.913] [DEBUG] request-processor - getProject : 1
[2014-08-13 11:43:23.913] [DEBUG] project-service - getProject
[2014-08-13 11:43:28.310] [DEBUG] request-processor - getProject : 1
[2014-08-13 11:43:28.311] [DEBUG] project-service - getProject
[2014-08-13 11:43:37.021] [DEBUG] request-processor - addResourceToProject
[2014-08-13 11:43:37.021] [DEBUG] project-service - addResourceToProject
[2014-08-13 11:43:39.866] [DEBUG] request-processor - addResourceToProject
[2014-08-13 11:43:39.867] [DEBUG] project-service - addResourceToProject
[2014-08-13 11:43:42.079] [DEBUG] request-processor - addResourceToProject
[2014-08-13 11:43:42.079] [DEBUG] project-service - addResourceToProject
[2014-08-13 11:44:43.805] [DEBUG] request-processor - getTeamUsers
[2014-08-13 11:44:43.805] [DEBUG] user-service - getTeamUsers
[2014-08-13 11:44:43.806] [DEBUG] request-processor - getNonTeamUsers
[2014-08-13 11:44:43.806] [DEBUG] user-service - getNonTeamUsers
[2014-08-13 11:44:43.806] [DEBUG] request-processor - getProjects
[2014-08-13 11:44:43.806] [DEBUG] project-service - getProjects
[2014-08-13 11:44:43.806] [DEBUG] request-processor - getRoles
[2014-08-13 11:44:43.806] [DEBUG] role-service - getRoles
[2014-08-13 11:44:43.807] [DEBUG] request-processor - getTeams
[2014-08-13 11:44:43.807] [DEBUG] team-service - getTeams
[2014-08-13 11:44:43.807] [DEBUG] request-processor - getLeads
[2014-08-13 11:44:43.807] [DEBUG] user-service - getLeads
[2014-08-13 11:44:43.822] [DEBUG] request-processor - getMyProjects
[2014-08-13 11:44:43.822] [DEBUG] project-service - getMyProjects
[2014-08-13 11:44:43.822] [DEBUG] request-processor - getUser
[2014-08-13 11:44:43.822] [DEBUG] user-service - getUser
[2014-08-13 11:46:38.281] [DEBUG] request-processor - getTeamUsers
[2014-08-13 11:46:38.283] [DEBUG] user-service - getTeamUsers
[2014-08-13 11:46:38.285] [DEBUG] request-processor - getNonTeamUsers
[2014-08-13 11:46:38.285] [DEBUG] user-service - getNonTeamUsers
[2014-08-13 11:46:38.287] [DEBUG] request-processor - getProjects
[2014-08-13 11:46:38.287] [DEBUG] project-service - getProjects
[2014-08-13 11:46:38.289] [DEBUG] request-processor - getTeams
[2014-08-13 11:46:38.289] [DEBUG] team-service - getTeams
[2014-08-13 11:46:38.290] [DEBUG] request-processor - getRoles
[2014-08-13 11:46:38.290] [DEBUG] role-service - getRoles
[2014-08-13 11:46:38.292] [DEBUG] request-processor - getLeads
[2014-08-13 11:46:38.292] [DEBUG] user-service - getLeads
[2014-08-13 11:46:38.294] [DEBUG] request-processor - getMyProjects
[2014-08-13 11:46:38.294] [DEBUG] project-service - getMyProjects
[2014-08-13 11:46:38.296] [DEBUG] request-processor - getUser
[2014-08-13 11:46:38.296] [DEBUG] user-service - getUser
[2014-08-13 11:49:07.110] [DEBUG] request-processor - getUserProjects
[2014-08-13 11:49:07.110] [DEBUG] project-service - getUserProjects
[2014-08-13 11:49:07.244] [DEBUG] request-processor - getLogs
[2014-08-13 11:49:07.245] [DEBUG] log-service - getLogsByUserId
[2014-08-13 11:49:12.657] [DEBUG] request-processor - getTeamUsers
[2014-08-13 11:49:12.657] [DEBUG] user-service - getTeamUsers
[2014-08-13 11:49:12.657] [DEBUG] request-processor - getNonTeamUsers
[2014-08-13 11:49:12.657] [DEBUG] user-service - getNonTeamUsers
[2014-08-13 11:49:12.658] [DEBUG] request-processor - getProjects
[2014-08-13 11:49:12.658] [DEBUG] project-service - getProjects
[2014-08-13 11:49:12.658] [DEBUG] request-processor - getRoles
[2014-08-13 11:49:12.658] [DEBUG] role-service - getRoles
[2014-08-13 11:49:12.658] [DEBUG] request-processor - getTeams
[2014-08-13 11:49:12.659] [DEBUG] team-service - getTeams
[2014-08-13 11:49:12.659] [DEBUG] request-processor - getLeads
[2014-08-13 11:49:12.659] [DEBUG] user-service - getLeads
[2014-08-13 11:49:12.666] [DEBUG] request-processor - getMyProjects
[2014-08-13 11:49:12.666] [DEBUG] project-service - getMyProjects
[2014-08-13 11:49:12.676] [DEBUG] request-processor - getUser
[2014-08-13 11:49:12.677] [DEBUG] user-service - getUser
[2014-08-13 11:49:35.871] [DEBUG] request-processor - getUserProjects
[2014-08-13 11:49:35.871] [DEBUG] project-service - getUserProjects
[2014-08-13 11:49:36.026] [DEBUG] request-processor - getLogs
[2014-08-13 11:49:36.026] [DEBUG] log-service - getLogsByUserId
[2014-08-13 11:55:12.726] [DEBUG] request-processor - auth
[2014-08-13 11:55:12.726] [DEBUG] user-service - auth
[2014-08-13 11:55:16.630] [DEBUG] request-processor - auth
[2014-08-13 11:55:16.630] [DEBUG] user-service - auth
[2014-08-13 11:55:16.631] [DEBUG] request-processor - getRoleByUserName
[2014-08-13 11:55:16.631] [DEBUG] role-service - getRoleByUserName
[2014-08-13 11:55:16.726] [DEBUG] request-processor - getTeamByUserName
[2014-08-13 11:55:16.726] [DEBUG] team-service - getTeam
[2014-08-13 11:55:18.584] [DEBUG] request-processor - getTeamUsers
[2014-08-13 11:55:18.584] [DEBUG] user-service - getTeamUsers
[2014-08-13 11:55:18.586] [DEBUG] request-processor - getNonTeamUsers
[2014-08-13 11:55:18.586] [DEBUG] user-service - getNonTeamUsers
[2014-08-13 11:55:18.586] [DEBUG] request-processor - getProjects
[2014-08-13 11:55:18.586] [DEBUG] project-service - getProjects
[2014-08-13 11:55:18.587] [DEBUG] request-processor - getRoles
[2014-08-13 11:55:18.587] [DEBUG] role-service - getRoles
[2014-08-13 11:55:18.594] [DEBUG] request-processor - getTeams
[2014-08-13 11:55:18.594] [DEBUG] team-service - getTeams
[2014-08-13 11:55:18.595] [DEBUG] request-processor - getLeads
[2014-08-13 11:55:18.595] [DEBUG] user-service - getLeads
[2014-08-13 11:55:18.672] [DEBUG] request-processor - getMyProjects
[2014-08-13 11:55:18.672] [DEBUG] project-service - getMyProjects
[2014-08-13 11:55:18.677] [DEBUG] request-processor - getUser
[2014-08-13 11:55:18.677] [DEBUG] user-service - getUser
[2014-08-13 11:56:34.148] [DEBUG] request-processor - getTeamUsers
[2014-08-13 11:56:34.148] [DEBUG] user-service - getTeamUsers
[2014-08-13 11:56:34.202] [DEBUG] request-processor - getNonTeamUsers
[2014-08-13 11:56:34.202] [DEBUG] user-service - getNonTeamUsers
[2014-08-13 11:56:34.209] [DEBUG] request-processor - getProjects
[2014-08-13 11:56:34.209] [DEBUG] project-service - getProjects
[2014-08-13 11:56:34.211] [DEBUG] request-processor - getTeams
[2014-08-13 11:56:34.211] [DEBUG] team-service - getTeams
[2014-08-13 11:56:34.212] [DEBUG] request-processor - getLeads
[2014-08-13 11:56:34.212] [DEBUG] user-service - getLeads
[2014-08-13 11:56:34.213] [DEBUG] request-processor - getRoles
[2014-08-13 11:56:34.213] [DEBUG] role-service - getRoles
[2014-08-13 11:56:34.231] [DEBUG] request-processor - getMyProjects
[2014-08-13 11:56:34.231] [DEBUG] project-service - getMyProjects
[2014-08-13 11:56:34.236] [DEBUG] request-processor - getUser
[2014-08-13 11:56:34.236] [DEBUG] user-service - getUser
[2014-08-13 11:57:38.243] [DEBUG] request-processor - getTeamUsers
[2014-08-13 11:57:38.243] [DEBUG] user-service - getTeamUsers
[2014-08-13 11:57:38.330] [DEBUG] request-processor - getNonTeamUsers
[2014-08-13 11:57:38.330] [DEBUG] user-service - getNonTeamUsers
[2014-08-13 11:57:38.423] [DEBUG] request-processor - getProjects
[2014-08-13 11:57:38.423] [DEBUG] project-service - getProjects
[2014-08-13 11:57:38.429] [DEBUG] request-processor - getRoles
[2014-08-13 11:57:38.429] [DEBUG] role-service - getRoles
[2014-08-13 11:57:38.546] [DEBUG] request-processor - getTeams
[2014-08-13 11:57:38.547] [DEBUG] team-service - getTeams
[2014-08-13 11:57:38.550] [DEBUG] request-processor - getLeads
[2014-08-13 11:57:38.550] [DEBUG] user-service - getLeads
[2014-08-13 11:57:38.551] [DEBUG] request-processor - getMyProjects
[2014-08-13 11:57:38.551] [DEBUG] project-service - getMyProjects
[2014-08-13 11:57:38.552] [DEBUG] request-processor - getUser
[2014-08-13 11:57:38.553] [DEBUG] user-service - getUser
[2014-08-13 11:57:54.843] [DEBUG] request-processor - getTeamUsers
[2014-08-13 11:57:54.843] [DEBUG] user-service - getTeamUsers
[2014-08-13 11:57:54.847] [DEBUG] request-processor - getNonTeamUsers
[2014-08-13 11:57:54.847] [DEBUG] user-service - getNonTeamUsers
[2014-08-13 11:57:54.892] [DEBUG] request-processor - getProjects
[2014-08-13 11:57:54.892] [DEBUG] project-service - getProjects
[2014-08-13 11:57:54.892] [DEBUG] request-processor - getRoles
[2014-08-13 11:57:54.892] [DEBUG] role-service - getRoles
[2014-08-13 11:57:54.893] [DEBUG] request-processor - getTeams
[2014-08-13 11:57:54.893] [DEBUG] team-service - getTeams
[2014-08-13 11:57:54.893] [DEBUG] request-processor - getLeads
[2014-08-13 11:57:54.893] [DEBUG] user-service - getLeads
[2014-08-13 11:57:54.894] [DEBUG] request-processor - getMyProjects
[2014-08-13 11:57:54.894] [DEBUG] project-service - getMyProjects
[2014-08-13 11:57:54.895] [DEBUG] request-processor - getUser
[2014-08-13 11:57:54.895] [DEBUG] user-service - getUser
[2014-08-13 11:59:22.004] [DEBUG] request-processor - getTeamUsers
[2014-08-13 11:59:22.004] [DEBUG] user-service - getTeamUsers
[2014-08-13 11:59:22.007] [DEBUG] request-processor - getNonTeamUsers
[2014-08-13 11:59:22.007] [DEBUG] user-service - getNonTeamUsers
[2014-08-13 11:59:22.009] [DEBUG] request-processor - getProjects
[2014-08-13 11:59:22.009] [DEBUG] project-service - getProjects
[2014-08-13 11:59:22.010] [DEBUG] request-processor - getRoles
[2014-08-13 11:59:22.010] [DEBUG] role-service - getRoles
[2014-08-13 11:59:22.012] [DEBUG] request-processor - getTeams
[2014-08-13 11:59:22.012] [DEBUG] team-service - getTeams
[2014-08-13 11:59:22.014] [DEBUG] request-processor - getLeads
[2014-08-13 11:59:22.014] [DEBUG] user-service - getLeads
[2014-08-13 11:59:22.018] [DEBUG] request-processor - getMyProjects
[2014-08-13 11:59:22.018] [DEBUG] project-service - getMyProjects
[2014-08-13 11:59:22.021] [DEBUG] request-processor - getUser
[2014-08-13 11:59:22.021] [DEBUG] user-service - getUser
[2014-08-13 12:00:56.097] [DEBUG] request-processor - getTeamUsers
[2014-08-13 12:00:56.097] [DEBUG] user-service - getTeamUsers
[2014-08-13 12:00:56.104] [DEBUG] request-processor - getNonTeamUsers
[2014-08-13 12:00:56.104] [DEBUG] user-service - getNonTeamUsers
[2014-08-13 12:00:56.105] [DEBUG] request-processor - getProjects
[2014-08-13 12:00:56.105] [DEBUG] project-service - getProjects
[2014-08-13 12:00:56.108] [DEBUG] request-processor - getRoles
[2014-08-13 12:00:56.108] [DEBUG] role-service - getRoles
[2014-08-13 12:00:56.110] [DEBUG] request-processor - getTeams
[2014-08-13 12:00:56.110] [DEBUG] team-service - getTeams
[2014-08-13 12:00:56.110] [DEBUG] request-processor - getLeads
[2014-08-13 12:00:56.110] [DEBUG] user-service - getLeads
[2014-08-13 12:00:56.112] [DEBUG] request-processor - getMyProjects
[2014-08-13 12:00:56.112] [DEBUG] project-service - getMyProjects
[2014-08-13 12:00:56.114] [DEBUG] request-processor - getUser
[2014-08-13 12:00:56.114] [DEBUG] user-service - getUser
[2014-08-13 12:01:13.434] [DEBUG] request-processor - getTeamUsers
[2014-08-13 12:01:13.434] [DEBUG] user-service - getTeamUsers
[2014-08-13 12:01:13.436] [DEBUG] request-processor - getNonTeamUsers
[2014-08-13 12:01:13.437] [DEBUG] user-service - getNonTeamUsers
[2014-08-13 12:01:13.437] [DEBUG] request-processor - getProjects
[2014-08-13 12:01:13.437] [DEBUG] project-service - getProjects
[2014-08-13 12:01:13.439] [DEBUG] request-processor - getRoles
[2014-08-13 12:01:13.439] [DEBUG] role-service - getRoles
[2014-08-13 12:01:13.441] [DEBUG] request-processor - getTeams
[2014-08-13 12:01:13.441] [DEBUG] team-service - getTeams
[2014-08-13 12:01:13.444] [DEBUG] request-processor - getLeads
[2014-08-13 12:01:13.444] [DEBUG] user-service - getLeads
[2014-08-13 12:01:13.449] [DEBUG] request-processor - getMyProjects
[2014-08-13 12:01:13.449] [DEBUG] project-service - getMyProjects
[2014-08-13 12:01:13.483] [DEBUG] request-processor - getUser
[2014-08-13 12:01:13.483] [DEBUG] user-service - getUser
[2014-08-13 12:01:26.754] [DEBUG] request-processor - getNonTeamUsers
[2014-08-13 12:01:26.754] [DEBUG] user-service - getNonTeamUsers
[2014-08-13 12:01:26.755] [DEBUG] request-processor - getTeamUsers
[2014-08-13 12:01:26.755] [DEBUG] user-service - getTeamUsers
[2014-08-13 12:01:26.757] [DEBUG] request-processor - getProjects
[2014-08-13 12:01:26.757] [DEBUG] project-service - getProjects
[2014-08-13 12:01:26.757] [DEBUG] request-processor - getRoles
[2014-08-13 12:01:26.757] [DEBUG] role-service - getRoles
[2014-08-13 12:01:26.758] [DEBUG] request-processor - getTeams
[2014-08-13 12:01:26.758] [DEBUG] team-service - getTeams
[2014-08-13 12:01:26.759] [DEBUG] request-processor - getLeads
[2014-08-13 12:01:26.759] [DEBUG] user-service - getLeads
[2014-08-13 12:01:26.762] [DEBUG] request-processor - getMyProjects
[2014-08-13 12:01:26.762] [DEBUG] project-service - getMyProjects
[2014-08-13 12:01:26.765] [DEBUG] request-processor - getUser
[2014-08-13 12:01:26.766] [DEBUG] user-service - getUser
[2014-08-13 12:02:13.533] [DEBUG] request-processor - getTeamUsers
[2014-08-13 12:02:13.533] [DEBUG] user-service - getTeamUsers
[2014-08-13 12:02:13.535] [DEBUG] request-processor - getNonTeamUsers
[2014-08-13 12:02:13.535] [DEBUG] user-service - getNonTeamUsers
[2014-08-13 12:02:13.538] [DEBUG] request-processor - getProjects
[2014-08-13 12:02:13.538] [DEBUG] project-service - getProjects
[2014-08-13 12:02:13.540] [DEBUG] request-processor - getRoles
[2014-08-13 12:02:13.540] [DEBUG] role-service - getRoles
[2014-08-13 12:02:13.542] [DEBUG] request-processor - getTeams
[2014-08-13 12:02:13.542] [DEBUG] team-service - getTeams
[2014-08-13 12:02:13.544] [DEBUG] request-processor - getLeads
[2014-08-13 12:02:13.544] [DEBUG] user-service - getLeads
[2014-08-13 12:02:13.548] [DEBUG] request-processor - getMyProjects
[2014-08-13 12:02:13.548] [DEBUG] project-service - getMyProjects
[2014-08-13 12:02:13.582] [DEBUG] request-processor - getUser
[2014-08-13 12:02:13.582] [DEBUG] user-service - getUser
[2014-08-13 12:03:17.661] [DEBUG] request-processor - getTeamUsers
[2014-08-13 12:03:17.661] [DEBUG] user-service - getTeamUsers
[2014-08-13 12:03:17.662] [DEBUG] request-processor - getNonTeamUsers
[2014-08-13 12:03:17.662] [DEBUG] user-service - getNonTeamUsers
[2014-08-13 12:03:17.664] [DEBUG] request-processor - getProjects
[2014-08-13 12:03:17.664] [DEBUG] project-service - getProjects
[2014-08-13 12:03:17.666] [DEBUG] request-processor - getRoles
[2014-08-13 12:03:17.666] [DEBUG] role-service - getRoles
[2014-08-13 12:03:17.667] [DEBUG] request-processor - getTeams
[2014-08-13 12:03:17.667] [DEBUG] team-service - getTeams
[2014-08-13 12:03:17.696] [DEBUG] request-processor - getLeads
[2014-08-13 12:03:17.696] [DEBUG] user-service - getLeads
[2014-08-13 12:03:17.700] [DEBUG] request-processor - getMyProjects
[2014-08-13 12:03:17.700] [DEBUG] project-service - getMyProjects
[2014-08-13 12:03:17.701] [DEBUG] request-processor - getUser
[2014-08-13 12:03:17.701] [DEBUG] user-service - getUser
[2014-08-13 12:04:08.232] [DEBUG] request-processor - removeResourceFromProject
[2014-08-13 12:04:08.232] [DEBUG] project-service - removeResourceFromProject
[2014-08-13 12:04:10.872] [DEBUG] request-processor - addResourceToProject
[2014-08-13 12:04:10.872] [DEBUG] project-service - addResourceToProject
[2014-08-13 12:06:57.516] [DEBUG] request-processor - signout
[2014-08-13 12:07:12.295] [DEBUG] request-processor - auth
[2014-08-13 12:07:12.295] [DEBUG] user-service - auth
[2014-08-13 12:07:30.380] [DEBUG] request-processor - auth
[2014-08-13 12:07:30.381] [DEBUG] user-service - auth
[2014-08-13 12:07:30.618] [DEBUG] request-processor - getRoleByUserName
[2014-08-13 12:07:30.618] [DEBUG] role-service - getRoleByUserName
[2014-08-13 12:07:30.621] [DEBUG] request-processor - getTeamByUserName
[2014-08-13 12:07:30.621] [DEBUG] team-service - getTeam
[2014-08-13 12:07:31.021] [DEBUG] request-processor - getUserProjects
[2014-08-13 12:07:31.022] [DEBUG] project-service - getUserProjects
[2014-08-13 12:07:31.217] [DEBUG] request-processor - getLogs
[2014-08-13 12:07:31.217] [DEBUG] log-service - getLogsByUserId
[2014-08-13 12:07:44.536] [DEBUG] request-processor - getUserReportLogs
[2014-08-13 12:07:44.548] [DEBUG] log-service - getUserReportLogs
[2014-08-13 12:07:45.433] [DEBUG] request-processor - getUserReportLogs
[2014-08-13 12:07:45.434] [DEBUG] log-service - getUserReportLogs
[2014-08-13 12:07:50.502] [DEBUG] request-processor - getUserProjects
[2014-08-13 12:07:50.502] [DEBUG] project-service - getUserProjects
[2014-08-13 12:07:50.644] [DEBUG] request-processor - getLogs
[2014-08-13 12:07:50.644] [DEBUG] log-service - getLogsByUserId
[2014-08-13 12:15:04.979] [DEBUG] request-processor - getUserProjects
[2014-08-13 12:15:04.979] [DEBUG] project-service - getUserProjects
[2014-08-13 12:15:05.126] [DEBUG] request-processor - getLogs
[2014-08-13 12:15:05.126] [DEBUG] log-service - getLogsByUserId
[2014-08-13 12:15:08.656] [DEBUG] request-processor - signout
[2014-08-13 12:15:15.807] [DEBUG] request-processor - auth
[2014-08-13 12:15:15.807] [DEBUG] user-service - auth
[2014-08-13 12:15:15.809] [DEBUG] request-processor - getRoleByUserName
[2014-08-13 12:15:15.809] [DEBUG] role-service - getRoleByUserName
[2014-08-13 12:15:15.811] [DEBUG] request-processor - getTeamByUserName
[2014-08-13 12:15:15.811] [DEBUG] team-service - getTeam
[2014-08-13 12:15:16.387] [DEBUG] request-processor - getTeamUsers
[2014-08-13 12:15:16.387] [DEBUG] user-service - getTeamUsers
[2014-08-13 12:15:16.390] [DEBUG] request-processor - getNonTeamUsers
[2014-08-13 12:15:16.390] [DEBUG] user-service - getNonTeamUsers
[2014-08-13 12:15:16.390] [DEBUG] request-processor - getProjects
[2014-08-13 12:15:16.391] [DEBUG] project-service - getProjects
[2014-08-13 12:15:16.393] [DEBUG] request-processor - getRoles
[2014-08-13 12:15:16.393] [DEBUG] role-service - getRoles
[2014-08-13 12:15:16.394] [DEBUG] request-processor - getTeams
[2014-08-13 12:15:16.395] [DEBUG] team-service - getTeams
[2014-08-13 12:15:16.395] [DEBUG] request-processor - getLeads
[2014-08-13 12:15:16.395] [DEBUG] user-service - getLeads
[2014-08-13 12:15:16.395] [DEBUG] request-processor - getMyProjects
[2014-08-13 12:15:16.395] [DEBUG] project-service - getMyProjects
[2014-08-13 12:15:16.400] [DEBUG] request-processor - getUser
[2014-08-13 12:15:16.400] [DEBUG] user-service - getUser
[2014-08-13 12:15:25.274] [DEBUG] request-processor - addResourceToProject
[2014-08-13 12:15:25.275] [DEBUG] project-service - addResourceToProject
[2014-08-13 12:15:27.389] [DEBUG] request-processor - addResourceToProject
[2014-08-13 12:15:27.390] [DEBUG] project-service - addResourceToProject
[2014-08-13 12:16:26.935] [DEBUG] request-processor - getUserLogs
[2014-08-13 12:16:26.935] [DEBUG] log-service - getLogsByUserId
[2014-08-13 12:20:56.366] [DEBUG] request-processor - removeResourceFromProject
[2014-08-13 12:20:56.366] [DEBUG] project-service - removeResourceFromProject
[2014-08-13 12:20:58.581] [DEBUG] request-processor - getUserLogs
[2014-08-13 12:20:58.581] [DEBUG] log-service - getLogsByUserId
[2014-08-13 12:21:03.465] [DEBUG] request-processor - removeResourceFromProject
[2014-08-13 12:21:03.465] [DEBUG] project-service - removeResourceFromProject
[2014-08-13 12:21:05.346] [DEBUG] request-processor - addResourceToProject
[2014-08-13 12:21:05.346] [DEBUG] project-service - addResourceToProject
[2014-08-13 12:21:19.659] [DEBUG] request-processor - removeMyProject
[2014-08-13 12:21:19.659] [DEBUG] project-service - removeMyProject
[2014-08-13 12:21:20.382] [DEBUG] request-processor - removeMyProject
[2014-08-13 12:21:20.382] [DEBUG] project-service - removeMyProject
[2014-08-13 12:21:25.455] [DEBUG] request-processor - addMyProject : 2
[2014-08-13 12:21:25.455] [DEBUG] project-service - addMyProject
[2014-08-13 12:21:35.415] [DEBUG] request-processor - addResourceToProject
[2014-08-13 12:21:35.415] [DEBUG] project-service - addResourceToProject
[2014-08-13 12:21:37.791] [DEBUG] request-processor - addResourceToProject
[2014-08-13 12:21:37.791] [DEBUG] project-service - addResourceToProject
[2014-08-13 12:21:41.086] [DEBUG] request-processor - removeResourceFromProject
[2014-08-13 12:21:41.087] [DEBUG] project-service - removeResourceFromProject
[2014-08-13 12:21:43.456] [DEBUG] request-processor - addNRemoveResourceFromProject
[2014-08-13 12:21:43.456] [DEBUG] project-service - addNRemoveResourceFromProject
[2014-08-13 12:21:49.481] [DEBUG] request-processor - getTeamUsers
[2014-08-13 12:21:49.481] [DEBUG] user-service - getTeamUsers
[2014-08-13 12:21:49.484] [DEBUG] request-processor - getNonTeamUsers
[2014-08-13 12:21:49.484] [DEBUG] user-service - getNonTeamUsers
[2014-08-13 12:21:49.486] [DEBUG] request-processor - getProjects
[2014-08-13 12:21:49.486] [DEBUG] project-service - getProjects
[2014-08-13 12:21:49.487] [DEBUG] request-processor - getRoles
[2014-08-13 12:21:49.487] [DEBUG] role-service - getRoles
[2014-08-13 12:21:49.488] [DEBUG] request-processor - getTeams
[2014-08-13 12:21:49.488] [DEBUG] team-service - getTeams
[2014-08-13 12:21:49.489] [DEBUG] request-processor - getLeads
[2014-08-13 12:21:49.489] [DEBUG] user-service - getLeads
[2014-08-13 12:21:49.533] [DEBUG] request-processor - getMyProjects
[2014-08-13 12:21:49.533] [DEBUG] project-service - getMyProjects
[2014-08-13 12:21:49.534] [DEBUG] request-processor - getUser
[2014-08-13 12:21:49.534] [DEBUG] user-service - getUser
[2014-08-13 12:22:00.143] [DEBUG] request-processor - signout
[2014-08-13 12:22:07.063] [DEBUG] request-processor - auth
[2014-08-13 12:22:07.064] [DEBUG] user-service - auth
[2014-08-13 12:22:07.065] [DEBUG] request-processor - getRoleByUserName
[2014-08-13 12:22:07.065] [DEBUG] role-service - getRoleByUserName
[2014-08-13 12:22:07.184] [DEBUG] request-processor - getTeamByUserName
[2014-08-13 12:22:07.184] [DEBUG] team-service - getTeam
[2014-08-13 12:22:07.506] [DEBUG] request-processor - getTeamUsers
[2014-08-13 12:22:07.506] [DEBUG] user-service - getTeamUsers
[2014-08-13 12:22:07.509] [DEBUG] request-processor - getNonTeamUsers
[2014-08-13 12:22:07.509] [DEBUG] user-service - getNonTeamUsers
[2014-08-13 12:22:07.514] [DEBUG] request-processor - getProjects
[2014-08-13 12:22:07.514] [DEBUG] project-service - getProjects
[2014-08-13 12:22:07.516] [DEBUG] request-processor - getRoles
[2014-08-13 12:22:07.516] [DEBUG] role-service - getRoles
[2014-08-13 12:22:07.517] [DEBUG] request-processor - getTeams
[2014-08-13 12:22:07.518] [DEBUG] team-service - getTeams
[2014-08-13 12:22:07.518] [DEBUG] request-processor - getLeads
[2014-08-13 12:22:07.518] [DEBUG] user-service - getLeads
[2014-08-13 12:22:07.521] [DEBUG] request-processor - getMyProjects
[2014-08-13 12:22:07.521] [DEBUG] project-service - getMyProjects
[2014-08-13 12:22:07.522] [DEBUG] request-processor - getUser
[2014-08-13 12:22:07.522] [DEBUG] user-service - getUser
[2014-08-13 12:51:07.314] [DEBUG] request-processor - auth
[2014-08-13 12:51:07.314] [DEBUG] user-service - auth
[2014-08-13 12:51:07.314] [DEBUG] request-processor - getRoleByUserName
[2014-08-13 12:51:07.315] [DEBUG] role-service - getRoleByUserName
[2014-08-13 12:51:07.315] [DEBUG] request-processor - getTeamByUserName
[2014-08-13 12:51:07.315] [DEBUG] team-service - getTeam
[2014-08-13 12:51:07.618] [DEBUG] request-processor - getTeamUsers
[2014-08-13 12:51:07.618] [DEBUG] user-service - getTeamUsers
[2014-08-13 12:51:07.621] [DEBUG] request-processor - getNonTeamUsers
[2014-08-13 12:51:07.621] [DEBUG] user-service - getNonTeamUsers
[2014-08-13 12:51:07.622] [DEBUG] request-processor - getProjects
[2014-08-13 12:51:07.622] [DEBUG] project-service - getProjects
[2014-08-13 12:51:07.623] [DEBUG] request-processor - getRoles
[2014-08-13 12:51:07.623] [DEBUG] role-service - getRoles
[2014-08-13 12:51:07.624] [DEBUG] request-processor - getTeams
[2014-08-13 12:51:07.624] [DEBUG] team-service - getTeams
[2014-08-13 12:51:07.624] [DEBUG] request-processor - getLeads
[2014-08-13 12:51:07.624] [DEBUG] user-service - getLeads
[2014-08-13 12:51:07.625] [DEBUG] request-processor - getMyProjects
[2014-08-13 12:51:07.625] [DEBUG] project-service - getMyProjects
[2014-08-13 12:51:07.633] [DEBUG] request-processor - getUser
[2014-08-13 12:51:07.633] [DEBUG] user-service - getUser
